  Title.cpp
  C:\Users\aguro\Documents\SourceTree\OpenSiv3D_Game\Title.cpp(1): includes this header: 
  C:\Users\aguro\Documents\SourceTree\OpenSiv3D_Game\Title.hpp(2): includes this header: 
  C:\Users\aguro\Documents\SourceTree\OpenSiv3D_Game\Common.hpp(2): includes this header: 
  C:\Users\aguro\Documents\OpenSiv3D_0.6.6_Web\include\Siv3D.hpp(94): includes this header: 
  C:\Users\aguro\Documents\OpenSiv3D_0.6.6_Web\include\Siv3D\Step.hpp(14): includes this header: 
  C:\Users\aguro\Documents\OpenSiv3D_0.6.6_Web\include\Siv3D\Array.hpp(25): includes this header: 
  C:\Users\aguro\Documents\OpenSiv3D_0.6.6_Web\include\Siv3D\String.hpp(21): includes this header: 
  C:\Users\aguro\Documents\OpenSiv3D_0.6.6_Web\include\Siv3D\Random.hpp(16): includes this header: 
  C:\Users\aguro\Documents\OpenSiv3D_0.6.6_Web\include\Siv3D\Distribution.hpp(15): includes this header: 
  C:\Users\aguro\Documents\OpenSiv3D_0.6.6_Web\include\Siv3D\detail\Distribution.ipp(24): includes this header: 
  C:\Users\aguro\Documents\OpenSiv3D_0.6.6_Web\include\ThirdParty\absl\random\distributions.h(56): includes this header: 
  C:\Users\aguro\Documents\OpenSiv3D_0.6.6_Web\include\ThirdParty\absl\random\bernoulli_distribution.h(23): includes this header: 
  C:\Users\aguro\Documents\OpenSiv3D_0.6.6_Web\include\ThirdParty\absl\random\internal\fast_uniform_bits.h(24): includes this header: 
C:\Users\aguro\Documents\OpenSiv3D_0.6.6_Web\include\ThirdParty\absl\meta\type_traits.h(293,36): warning : builtin __has_trivial_destructor is deprecated; use __is_trivially_destructible instead [-Wdeprecated-builtins]
      : std::integral_constant<bool, __has_trivial_destructor(T) &&
                                     ^
C:\Users\aguro\Documents\OpenSiv3D_0.6.6_Web\include\ThirdParty\absl\meta\type_traits.h(342,36): warning : builtin __has_trivial_constructor is deprecated; use __is_trivially_constructible instead [-Wdeprecated-builtins]
      : std::integral_constant<bool, __has_trivial_constructor(T) &&
                                     ^
C:\Users\aguro\Documents\OpenSiv3D_0.6.6_Web\include\ThirdParty\absl\meta\type_traits.h(486,17): warning : builtin __has_trivial_assign is deprecated; use __is_trivially_assignable instead [-Wdeprecated-builtins]
            bool, __has_trivial_assign(typename std::remove_reference<T>::type) &&
                  ^
C:\Users\aguro\Documents\OpenSiv3D_0.6.6_Web\include\ThirdParty\absl\meta\type_traits.h(530,8): warning : builtin __has_trivial_copy is deprecated; use __is_trivially_copyable instead [-Wdeprecated-builtins]
        (__has_trivial_copy(ExtentsRemoved) || !kIsCopyOrMoveConstructible) &&
         ^
C:\Users\aguro\Documents\OpenSiv3D_0.6.6_Web\include\ThirdParty\absl\meta\type_traits.h(531,8): warning : builtin __has_trivial_assign is deprecated; use __is_trivially_assignable instead [-Wdeprecated-builtins]
        (__has_trivial_assign(ExtentsRemoved) || !kIsCopyOrMoveAssignable) &&
         ^
  C:\Users\aguro\Documents\SourceTree\OpenSiv3D_Game\Title.cpp(1): includes this header: 
  C:\Users\aguro\Documents\SourceTree\OpenSiv3D_Game\Title.hpp(2): includes this header: 
  C:\Users\aguro\Documents\SourceTree\OpenSiv3D_Game\Common.hpp(2): includes this header: 
  C:\Users\aguro\Documents\OpenSiv3D_0.6.6_Web\include\Siv3D.hpp(166): includes this header: 
  C:\Users\aguro\Documents\OpenSiv3D_0.6.6_Web\include\Siv3D\OrderedTable.hpp(19): includes this header: 
  C:\Users\aguro\Documents\OpenSiv3D_0.6.6_Web\include\ThirdParty\parallel_hashmap\btree.h(65): includes this header: 
C:\Users\aguro\Documents\OpenSiv3D_0.6.6_Web\include\ThirdParty\parallel_hashmap\phmap_base.h(241,36): warning : builtin __has_trivial_destructor is deprecated; use __is_trivially_destructible instead [-Wdeprecated-builtins]
      : std::integral_constant<bool, __has_trivial_destructor(T) &&
                                     ^
C:\Users\aguro\Documents\OpenSiv3D_0.6.6_Web\include\ThirdParty\parallel_hashmap\phmap_base.h(246,36): warning : builtin __has_trivial_constructor is deprecated; use __is_trivially_constructible instead [-Wdeprecated-builtins]
      : std::integral_constant<bool, __has_trivial_constructor(T) &&
                                     ^
C:\Users\aguro\Documents\OpenSiv3D_0.6.6_Web\include\ThirdParty\parallel_hashmap\phmap_base.h(252,36): warning : builtin __has_trivial_copy is deprecated; use __is_trivially_copyable instead [-Wdeprecated-builtins]
      : std::integral_constant<bool, __has_trivial_copy(T) &&
                                     ^
C:\Users\aguro\Documents\OpenSiv3D_0.6.6_Web\include\ThirdParty\parallel_hashmap\phmap_base.h(259,17): warning : builtin __has_trivial_assign is deprecated; use __is_trivially_assignable instead [-Wdeprecated-builtins]
            bool, __has_trivial_assign(typename std::remove_reference<T>::type) &&
                  ^
  C:\Users\aguro\Documents\SourceTree\OpenSiv3D_Game\Title.cpp(1): includes this header: 
  C:\Users\aguro\Documents\SourceTree\OpenSiv3D_Game\Title.hpp(2): includes this header: 
  C:\Users\aguro\Documents\SourceTree\OpenSiv3D_Game\Common.hpp(2): includes this header: 
  C:\Users\aguro\Documents\OpenSiv3D_0.6.6_Web\include\Siv3D.hpp(166): includes this header: 
  C:\Users\aguro\Documents\OpenSiv3D_0.6.6_Web\include\Siv3D\OrderedTable.hpp(19): includes this header: 
C:\Users\aguro\Documents\OpenSiv3D_0.6.6_Web\include\ThirdParty\parallel_hashmap\btree.h(158,18): warning : builtin __has_trivial_copy is deprecated; use __is_trivially_copyable instead [-Wdeprecated-builtins]
                  (__has_trivial_copy(ExtentsRemoved) || !kIsCopyOrMoveConstructible) &&
                   ^
C:\Users\aguro\Documents\OpenSiv3D_0.6.6_Web\include\ThirdParty\parallel_hashmap\btree.h(159,18): warning : builtin __has_trivial_assign is deprecated; use __is_trivially_assignable instead [-Wdeprecated-builtins]
                  (__has_trivial_assign(ExtentsRemoved) || !kIsCopyOrMoveAssignable) &&
                   ^
  C:\Users\aguro\Documents\SourceTree\OpenSiv3D_Game\Title.cpp(1): includes this header: 
  C:\Users\aguro\Documents\SourceTree\OpenSiv3D_Game\Title.hpp(2): includes this header: 
  C:\Users\aguro\Documents\SourceTree\OpenSiv3D_Game\Common.hpp(2): includes this header: 
  C:\Users\aguro\Documents\OpenSiv3D_0.6.6_Web\include\Siv3D.hpp(781): includes this header: 
  C:\Users\aguro\Documents\OpenSiv3D_0.6.6_Web\include\Siv3D\ViewFrustum.hpp(18): includes this header: 
C:\Users\aguro\Documents\OpenSiv3D_0.6.6_Web\include\Siv3D\SIMDCollision.hpp(28,25): warning : pragma diagnostic pop could not pop, no matching push [-Wunknown-pragmas]
  #       pragma GCC diagnostic pop
                                ^
  12 warnings generated.
emcc : warning : running limited binaryen optimizations because DWARF info requested (or indirectly required) [-Wlimited-postlink-optimizations]
EMSCRIPTENLINK : warning : Asyncify addlist contained a non-existing function name: s3d::TryMain() (s3d::TryMain\28\29)
EMSCRIPTENLINK : warning : Asyncify addlist contained a non-existing function name: s3d::CRenderer2D_WebGPU::init() (s3d::CRenderer2D_WebGPU::init\28\29)
EMSCRIPTENLINK : warning : Asyncify addlist contained a non-matching pattern: s3d::Clipboard::GetText(*) (s3d::Clipboard::GetText\28*\29)
EMSCRIPTENLINK : warning : Asyncify addlist contained a non-matching pattern: s3d::GenericDecoder::decode(*) const (s3d::GenericDecoder::decode\28*\29\20const)
EMSCRIPTENLINK : warning : Asyncify addlist contained a non-matching pattern: s3d::ImageDecoder::GetImageInfo(*) (s3d::ImageDecoder::GetImageInfo\28*\29)
EMSCRIPTENLINK : warning : Asyncify addlist contained a non-matching pattern: s3d::Model::Model(*) (s3d::Model::Model\28*\29)
EMSCRIPTENLINK : warning : Asyncify addlist contained a non-matching pattern: s3d::SimpleHTTP::Load(*) (s3d::SimpleHTTP::Load\28*\29)
EMSCRIPTENLINK : warning : Asyncify addlist contained a non-matching pattern: s3d::SimpleHTTP::Post(*) (s3d::SimpleHTTP::Post\28*\29)
  OpenSiv3_WebGame.vcxproj -> C:\Users\aguro\Documents\SourceTree\OpenSiv3D_WebGame\Emscripten\Debug\OpenSiv3_WebGame.html
